This is pdfTeX, Version 3.14159265-2.6-1.40.20 (TeX Live 2019) (preloaded format=pdflatex 2020.3.27)  27 MAR 2020 16:38
entering extended mode
 restricted \write18 enabled.
 %&-line parsing enabled.
**docs.tex
(./docs.tex
LaTeX2e <2018-12-01>

! LaTeX Error: Missing \begin{document}.

See the LaTeX manual or LaTeX Companion for explanation.
Type  H <return>  for immediate help.
 ...                                              
                                                  
l.1 \underline{}
                \PassOptionsToPackage{unicode=true}{hyperref} % options for ...

? 
! Emergency stop.
 ...                                              
                                                  
l.1 \underline{}
                \PassOptionsToPackage{unicode=true}{hyperref} % options for ...

You're in trouble here.  Try typing  <return>  to proceed.
If that doesn't work, type  X <return>  to quit.

 
Here is how much of TeX's memory you used:
 6 strings out of 493760
 248 string characters out of 6154272
 54720 words of memory out of 5000000
 3844 multiletter control sequences out of 15000+600000
 3640 words of font info for 14 fonts, out of 8000000 for 9000
 430 hyphenation exceptions out of 8191
 6i,0n,5p,108b,14s stack positions out of 5000i,500n,10000p,200000b,80000s
!  ==> Fatal error occurred, no output PDF file produced!
